0 info it worked if it ends with ok
1 verbose cli [ '/usr/local/bin/node', '/usr/local/bin/npm', 'install' ]
2 info using npm@1.4.28
3 info using node@v0.10.32
4 verbose readDependencies using package.json deps
5 verbose install where, deps [ '/home/zhangcan/文档/test2',
5 verbose install   [ 'express',
5 verbose install     'body-parser',
5 verbose install     'cookie-parser',
5 verbose install     'morgan',
5 verbose install     'serve-favicon',
5 verbose install     'debug',
5 verbose install     'jade' ] ]
6 info preinstall Team16Test1@0.0.0
7 verbose readDependencies using package.json deps
8 verbose cache add [ 'express@~4.9.0', null ]
9 verbose cache add name=undefined spec="express@~4.9.0" args=["express@~4.9.0",null]
10 verbose parsed url { protocol: null,
10 verbose parsed url   slashes: null,
10 verbose parsed url   auth: null,
10 verbose parsed url   host: null,
10 verbose parsed url   port: null,
10 verbose parsed url   hostname: null,
10 verbose parsed url   hash: null,
10 verbose parsed url   search: null,
10 verbose parsed url   query: null,
10 verbose parsed url   pathname: 'express@~4.9.0',
10 verbose parsed url   path: 'express@~4.9.0',
10 verbose parsed url   href: 'express@~4.9.0' }
11 verbose cache add [ 'body-parser@~1.8.1', null ]
12 verbose cache add name=undefined spec="body-parser@~1.8.1" args=["body-parser@~1.8.1",null]
13 verbose parsed url { protocol: null,
13 verbose parsed url   slashes: null,
13 verbose parsed url   auth: null,
13 verbose parsed url   host: null,
13 verbose parsed url   port: null,
13 verbose parsed url   hostname: null,
13 verbose parsed url   hash: null,
13 verbose parsed url   search: null,
13 verbose parsed url   query: null,
13 verbose parsed url   pathname: 'body-parser@~1.8.1',
13 verbose parsed url   path: 'body-parser@~1.8.1',
13 verbose parsed url   href: 'body-parser@~1.8.1' }
14 verbose cache add [ 'cookie-parser@~1.3.3', null ]
15 verbose cache add name=undefined spec="cookie-parser@~1.3.3" args=["cookie-parser@~1.3.3",null]
16 verbose parsed url { protocol: null,
16 verbose parsed url   slashes: null,
16 verbose parsed url   auth: null,
16 verbose parsed url   host: null,
16 verbose parsed url   port: null,
16 verbose parsed url   hostname: null,
16 verbose parsed url   hash: null,
16 verbose parsed url   search: null,
16 verbose parsed url   query: null,
16 verbose parsed url   pathname: 'cookie-parser@~1.3.3',
16 verbose parsed url   path: 'cookie-parser@~1.3.3',
16 verbose parsed url   href: 'cookie-parser@~1.3.3' }
17 verbose cache add [ 'morgan@~1.3.0', null ]
18 verbose cache add name=undefined spec="morgan@~1.3.0" args=["morgan@~1.3.0",null]
19 verbose parsed url { protocol: null,
19 verbose parsed url   slashes: null,
19 verbose parsed url   auth: null,
19 verbose parsed url   host: null,
19 verbose parsed url   port: null,
19 verbose parsed url   hostname: null,
19 verbose parsed url   hash: null,
19 verbose parsed url   search: null,
19 verbose parsed url   query: null,
19 verbose parsed url   pathname: 'morgan@~1.3.0',
19 verbose parsed url   path: 'morgan@~1.3.0',
19 verbose parsed url   href: 'morgan@~1.3.0' }
20 verbose cache add name="express" spec="~4.9.0" args=["express","~4.9.0"]
21 verbose parsed url { protocol: null,
21 verbose parsed url   slashes: null,
21 verbose parsed url   auth: null,
21 verbose parsed url   host: null,
21 verbose parsed url   port: null,
21 verbose parsed url   hostname: null,
21 verbose parsed url   hash: null,
21 verbose parsed url   search: null,
21 verbose parsed url   query: null,
21 verbose parsed url   pathname: '~4.9.0',
21 verbose parsed url   path: '~4.9.0',
21 verbose parsed url   href: '~4.9.0' }
22 verbose addNamed [ 'express', '~4.9.0' ]
23 verbose addNamed [ null, '>=4.9.0-0 <4.10.0-0' ]
24 verbose cache add name="body-parser" spec="~1.8.1" args=["body-parser","~1.8.1"]
25 verbose parsed url { protocol: null,
25 verbose parsed url   slashes: null,
25 verbose parsed url   auth: null,
25 verbose parsed url   host: null,
25 verbose parsed url   port: null,
25 verbose parsed url   hostname: null,
25 verbose parsed url   hash: null,
25 verbose parsed url   search: null,
25 verbose parsed url   query: null,
25 verbose parsed url   pathname: '~1.8.1',
25 verbose parsed url   path: '~1.8.1',
25 verbose parsed url   href: '~1.8.1' }
26 verbose addNamed [ 'body-parser', '~1.8.1' ]
27 verbose addNamed [ null, '>=1.8.1-0 <1.9.0-0' ]
28 verbose cache add name="cookie-parser" spec="~1.3.3" args=["cookie-parser","~1.3.3"]
29 verbose parsed url { protocol: null,
29 verbose parsed url   slashes: null,
29 verbose parsed url   auth: null,
29 verbose parsed url   host: null,
29 verbose parsed url   port: null,
29 verbose parsed url   hostname: null,
29 verbose parsed url   hash: null,
29 verbose parsed url   search: null,
29 verbose parsed url   query: null,
29 verbose parsed url   pathname: '~1.3.3',
29 verbose parsed url   path: '~1.3.3',
29 verbose parsed url   href: '~1.3.3' }
30 verbose addNamed [ 'cookie-parser', '~1.3.3' ]
31 verbose addNamed [ null, '>=1.3.3-0 <1.4.0-0' ]
32 verbose cache add name="morgan" spec="~1.3.0" args=["morgan","~1.3.0"]
33 verbose parsed url { protocol: null,
33 verbose parsed url   slashes: null,
33 verbose parsed url   auth: null,
33 verbose parsed url   host: null,
33 verbose parsed url   port: null,
33 verbose parsed url   hostname: null,
33 verbose parsed url   hash: null,
33 verbose parsed url   search: null,
33 verbose parsed url   query: null,
33 verbose parsed url   pathname: '~1.3.0',
33 verbose parsed url   path: '~1.3.0',
33 verbose parsed url   href: '~1.3.0' }
34 verbose addNamed [ 'morgan', '~1.3.0' ]
35 verbose addNamed [ null, '>=1.3.0-0 <1.4.0-0' ]
36 verbose cache add [ 'serve-favicon@~2.1.3', null ]
37 verbose cache add name=undefined spec="serve-favicon@~2.1.3" args=["serve-favicon@~2.1.3",null]
38 verbose parsed url { protocol: null,
38 verbose parsed url   slashes: null,
38 verbose parsed url   auth: null,
38 verbose parsed url   host: null,
38 verbose parsed url   port: null,
38 verbose parsed url   hostname: null,
38 verbose parsed url   hash: null,
38 verbose parsed url   search: null,
38 verbose parsed url   query: null,
38 verbose parsed url   pathname: 'serve-favicon@~2.1.3',
38 verbose parsed url   path: 'serve-favicon@~2.1.3',
38 verbose parsed url   href: 'serve-favicon@~2.1.3' }
39 verbose cache add [ 'debug@~2.0.0', null ]
40 verbose cache add name=undefined spec="debug@~2.0.0" args=["debug@~2.0.0",null]
41 verbose parsed url { protocol: null,
41 verbose parsed url   slashes: null,
41 verbose parsed url   auth: null,
41 verbose parsed url   host: null,
41 verbose parsed url   port: null,
41 verbose parsed url   hostname: null,
41 verbose parsed url   hash: null,
41 verbose parsed url   search: null,
41 verbose parsed url   query: null,
41 verbose parsed url   pathname: 'debug@~2.0.0',
41 verbose parsed url   path: 'debug@~2.0.0',
41 verbose parsed url   href: 'debug@~2.0.0' }
42 silly lockFile 6ae7fa08-express-4-9-0 express@~4.9.0
43 verbose lock express@~4.9.0 /home/zhangcan/.npm/6ae7fa08-express-4-9-0.lock
44 silly lockFile a49948c1-body-parser-1-8-1 body-parser@~1.8.1
45 verbose lock body-parser@~1.8.1 /home/zhangcan/.npm/a49948c1-body-parser-1-8-1.lock
46 silly lockFile bf5babd8-cookie-parser-1-3-3 cookie-parser@~1.3.3
47 verbose lock cookie-parser@~1.3.3 /home/zhangcan/.npm/bf5babd8-cookie-parser-1-3-3.lock
48 silly lockFile a4a9bdf4-morgan-1-3-0 morgan@~1.3.0
49 verbose lock morgan@~1.3.0 /home/zhangcan/.npm/a4a9bdf4-morgan-1-3-0.lock
50 verbose cache add name="serve-favicon" spec="~2.1.3" args=["serve-favicon","~2.1.3"]
51 verbose parsed url { protocol: null,
51 verbose parsed url   slashes: null,
51 verbose parsed url   auth: null,
51 verbose parsed url   host: null,
51 verbose parsed url   port: null,
51 verbose parsed url   hostname: null,
51 verbose parsed url   hash: null,
51 verbose parsed url   search: null,
51 verbose parsed url   query: null,
51 verbose parsed url   pathname: '~2.1.3',
51 verbose parsed url   path: '~2.1.3',
51 verbose parsed url   href: '~2.1.3' }
52 verbose addNamed [ 'serve-favicon', '~2.1.3' ]
53 verbose addNamed [ null, '>=2.1.3-0 <2.2.0-0' ]
54 silly lockFile 38295489-serve-favicon-2-1-3 serve-favicon@~2.1.3
55 verbose lock serve-favicon@~2.1.3 /home/zhangcan/.npm/38295489-serve-favicon-2-1-3.lock
56 verbose cache add name="debug" spec="~2.0.0" args=["debug","~2.0.0"]
57 verbose parsed url { protocol: null,
57 verbose parsed url   slashes: null,
57 verbose parsed url   auth: null,
57 verbose parsed url   host: null,
57 verbose parsed url   port: null,
57 verbose parsed url   hostname: null,
57 verbose parsed url   hash: null,
57 verbose parsed url   search: null,
57 verbose parsed url   query: null,
57 verbose parsed url   pathname: '~2.0.0',
57 verbose parsed url   path: '~2.0.0',
57 verbose parsed url   href: '~2.0.0' }
58 verbose addNamed [ 'debug', '~2.0.0' ]
59 verbose addNamed [ null, '>=2.0.0-0 <2.1.0-0' ]
60 silly lockFile 12b6356d-debug-2-0-0 debug@~2.0.0
61 verbose lock debug@~2.0.0 /home/zhangcan/.npm/12b6356d-debug-2-0-0.lock
62 verbose cache add [ 'jade@~1.6.0', null ]
63 verbose cache add name=undefined spec="jade@~1.6.0" args=["jade@~1.6.0",null]
64 verbose parsed url { protocol: null,
64 verbose parsed url   slashes: null,
64 verbose parsed url   auth: null,
64 verbose parsed url   host: null,
64 verbose parsed url   port: null,
64 verbose parsed url   hostname: null,
64 verbose parsed url   hash: null,
64 verbose parsed url   search: null,
64 verbose parsed url   query: null,
64 verbose parsed url   pathname: 'jade@~1.6.0',
64 verbose parsed url   path: 'jade@~1.6.0',
64 verbose parsed url   href: 'jade@~1.6.0' }
65 verbose cache add name="jade" spec="~1.6.0" args=["jade","~1.6.0"]
66 verbose parsed url { protocol: null,
66 verbose parsed url   slashes: null,
66 verbose parsed url   auth: null,
66 verbose parsed url   host: null,
66 verbose parsed url   port: null,
66 verbose parsed url   hostname: null,
66 verbose parsed url   hash: null,
66 verbose parsed url   search: null,
66 verbose parsed url   query: null,
66 verbose parsed url   pathname: '~1.6.0',
66 verbose parsed url   path: '~1.6.0',
66 verbose parsed url   href: '~1.6.0' }
67 verbose addNamed [ 'jade', '~1.6.0' ]
68 verbose addNamed [ null, '>=1.6.0-0 <1.7.0-0' ]
69 silly lockFile ad8c17a8-jade-1-6-0 jade@~1.6.0
70 verbose lock jade@~1.6.0 /home/zhangcan/.npm/ad8c17a8-jade-1-6-0.lock
71 silly addNameRange { name: 'express', range: '>=4.9.0-0 <4.10.0-0', hasData: false }
72 silly addNameRange { name: 'body-parser',
72 silly addNameRange   range: '>=1.8.1-0 <1.9.0-0',
72 silly addNameRange   hasData: false }
73 silly addNameRange { name: 'cookie-parser',
73 silly addNameRange   range: '>=1.3.3-0 <1.4.0-0',
73 silly addNameRange   hasData: false }
74 silly addNameRange { name: 'morgan', range: '>=1.3.0-0 <1.4.0-0', hasData: false }
75 silly addNameRange { name: 'serve-favicon',
75 silly addNameRange   range: '>=2.1.3-0 <2.2.0-0',
75 silly addNameRange   hasData: false }
76 silly addNameRange { name: 'debug', range: '>=2.0.0-0 <2.1.0-0', hasData: false }
77 silly addNameRange { name: 'jade', range: '>=1.6.0-0 <1.7.0-0', hasData: false }
78 verbose request where is /express
79 verbose request registry https://registry.npmjs.org/
80 verbose request id 296977be97f0ba80
81 verbose url raw /express
82 verbose url resolving [ 'https://registry.npmjs.org/', './express' ]
83 verbose url resolved https://registry.npmjs.org/express
84 verbose request where is https://registry.npmjs.org/express
85 info trying registry request attempt 1 at 22:24:05
86 verbose etag "35JSQ42AVLPKA3UBRSX3ZYDAJ"
87 http GET https://registry.npmjs.org/express
88 verbose request where is /body-parser
89 verbose request registry https://registry.npmjs.org/
90 verbose url raw /body-parser
91 verbose url resolving [ 'https://registry.npmjs.org/', './body-parser' ]
92 verbose url resolved https://registry.npmjs.org/body-parser
93 verbose request where is https://registry.npmjs.org/body-parser
94 info trying registry request attempt 1 at 22:24:05
95 verbose etag "6H78ALJN535B9H0WANI691DPE"
96 http GET https://registry.npmjs.org/body-parser
97 verbose request where is /cookie-parser
98 verbose request registry https://registry.npmjs.org/
99 verbose url raw /cookie-parser
100 verbose url resolving [ 'https://registry.npmjs.org/', './cookie-parser' ]
101 verbose url resolved https://registry.npmjs.org/cookie-parser
102 verbose request where is https://registry.npmjs.org/cookie-parser
103 info trying registry request attempt 1 at 22:24:05
104 verbose etag "D2I21Z55J0M83YHA636O1DW9K"
105 http GET https://registry.npmjs.org/cookie-parser
106 verbose request where is /morgan
107 verbose request registry https://registry.npmjs.org/
108 verbose url raw /morgan
109 verbose url resolving [ 'https://registry.npmjs.org/', './morgan' ]
110 verbose url resolved https://registry.npmjs.org/morgan
111 verbose request where is https://registry.npmjs.org/morgan
112 info trying registry request attempt 1 at 22:24:05
113 verbose etag "845YH9YY93XXM0OJZYG6I3IRQ"
114 http GET https://registry.npmjs.org/morgan
115 verbose request where is /serve-favicon
116 verbose request registry https://registry.npmjs.org/
117 verbose url raw /serve-favicon
118 verbose url resolving [ 'https://registry.npmjs.org/', './serve-favicon' ]
119 verbose url resolved https://registry.npmjs.org/serve-favicon
120 verbose request where is https://registry.npmjs.org/serve-favicon
121 info trying registry request attempt 1 at 22:24:05
122 verbose etag "DQNCEOV1TU804V1DNRWACLPFP"
123 http GET https://registry.npmjs.org/serve-favicon
124 verbose request where is /debug
125 verbose request registry https://registry.npmjs.org/
126 verbose url raw /debug
127 verbose url resolving [ 'https://registry.npmjs.org/', './debug' ]
128 verbose url resolved https://registry.npmjs.org/debug
129 verbose request where is https://registry.npmjs.org/debug
130 info trying registry request attempt 1 at 22:24:05
131 verbose etag "8WZ4LMRO7CZCRTRAWRK0Z3M75"
132 http GET https://registry.npmjs.org/debug
133 verbose request where is /jade
134 verbose request registry https://registry.npmjs.org/
135 verbose url raw /jade
136 verbose url resolving [ 'https://registry.npmjs.org/', './jade' ]
137 verbose url resolved https://registry.npmjs.org/jade
138 verbose request where is https://registry.npmjs.org/jade
139 info trying registry request attempt 1 at 22:24:05
140 verbose etag "574TTA7U5CJE1ZXHJE2S286DB"
141 http GET https://registry.npmjs.org/jade
142 http 304 https://registry.npmjs.org/serve-favicon
143 silly registry.get cb [ 304,
143 silly registry.get   { date: 'Thu, 23 Oct 2014 14:24:06 GMT',
143 silly registry.get     server: 'Apache',
143 silly registry.get     via: '1.1 varnish',
143 silly registry.get     'last-modified': 'Thu, 23 Oct 2014 14:18:09 GMT',
143 silly registry.get     'cache-control': 'max-age=60',
143 silly registry.get     etag: '"DQNCEOV1TU804V1DNRWACLPFP"',
143 silly registry.get     age: '25',
143 silly registry.get     'x-served-by': 'cache-ty66-TYO',
143 silly registry.get     'x-cache': 'HIT',
143 silly registry.get     'x-cache-hits': '7',
143 silly registry.get     'x-timer': 'S1414074246.279462,VS0,VE0',
143 silly registry.get     vary: 'Accept',
143 silly registry.get     'content-length': '0',
143 silly registry.get     'keep-alive': 'timeout=10, max=50',
143 silly registry.get     connection: 'Keep-Alive' } ]
144 verbose etag https://registry.npmjs.org/serve-favicon from cache
145 silly addNameRange number 2 { name: 'serve-favicon',
145 silly addNameRange   range: '>=2.1.3-0 <2.2.0-0',
145 silly addNameRange   hasData: true }
146 silly addNameRange versions [ 'serve-favicon',
146 silly addNameRange   [ '2.0.0',
146 silly addNameRange     '2.0.1',
146 silly addNameRange     '2.1.0',
146 silly addNameRange     '2.1.1',
146 silly addNameRange     '2.1.2',
146 silly addNameRange     '2.1.3',
146 silly addNameRange     '2.1.4',
146 silly addNameRange     '2.1.5',
146 silly addNameRange     '2.1.6' ] ]
147 verbose addNamed [ 'serve-favicon', '2.1.6' ]
148 verbose addNamed [ '2.1.6', '2.1.6' ]
149 silly lockFile 4a3fd20c-serve-favicon-2-1-6 serve-favicon@2.1.6
150 verbose lock serve-favicon@2.1.6 /home/zhangcan/.npm/4a3fd20c-serve-favicon-2-1-6.lock
151 silly lockFile 4a3fd20c-serve-favicon-2-1-6 serve-favicon@2.1.6
152 silly lockFile 4a3fd20c-serve-favicon-2-1-6 serve-favicon@2.1.6
153 silly lockFile 38295489-serve-favicon-2-1-3 serve-favicon@~2.1.3
154 silly lockFile 38295489-serve-favicon-2-1-3 serve-favicon@~2.1.3
155 http 304 https://registry.npmjs.org/debug
156 silly registry.get cb [ 304,
156 silly registry.get   { date: 'Thu, 23 Oct 2014 14:24:06 GMT',
156 silly registry.get     server: 'Apache',
156 silly registry.get     via: '1.1 varnish',
156 silly registry.get     'last-modified': 'Thu, 23 Oct 2014 14:24:06 GMT',
156 silly registry.get     'cache-control': 'max-age=60',
156 silly registry.get     etag: '"8WZ4LMRO7CZCRTRAWRK0Z3M75"',
156 silly registry.get     age: '24',
156 silly registry.get     'x-served-by': 'cache-ty66-TYO',
156 silly registry.get     'x-cache': 'HIT',
156 silly registry.get     'x-cache-hits': '1',
156 silly registry.get     'x-timer': 'S1414074246.409165,VS0,VE0',
156 silly registry.get     vary: 'Accept',
156 silly registry.get     'content-length': '0',
156 silly registry.get     'keep-alive': 'timeout=10, max=49',
156 silly registry.get     connection: 'Keep-Alive' } ]
157 verbose etag https://registry.npmjs.org/debug from cache
158 silly addNameRange number 2 { name: 'debug', range: '>=2.0.0-0 <2.1.0-0', hasData: true }
159 silly addNameRange versions [ 'debug',
159 silly addNameRange   [ '0.0.1',
159 silly addNameRange     '0.1.0',
159 silly addNameRange     '0.2.0',
159 silly addNameRange     '0.3.0',
159 silly addNameRange     '0.4.0',
159 silly addNameRange     '0.4.1',
159 silly addNameRange     '0.5.0',
159 silly addNameRange     '0.6.0',
159 silly addNameRange     '0.7.0',
159 silly addNameRange     '0.7.1',
159 silly addNameRange     '0.7.2',
159 silly addNameRange     '0.7.3',
159 silly addNameRange     '0.7.4',
159 silly addNameRange     '0.8.0',
159 silly addNameRange     '0.8.1',
159 silly addNameRange     '1.0.0',
159 silly addNameRange     '1.0.1',
159 silly addNameRange     '1.0.2',
159 silly addNameRange     '1.0.3',
159 silly addNameRange     '1.0.4',
159 silly addNameRange     '2.0.0',
159 silly addNameRange     '2.1.0' ] ]
160 verbose addNamed [ 'debug', '2.0.0' ]
161 verbose addNamed [ '2.0.0', '2.0.0' ]
162 silly lockFile 095bd820-debug-2-0-0 debug@2.0.0
163 verbose lock debug@2.0.0 /home/zhangcan/.npm/095bd820-debug-2-0-0.lock
164 silly lockFile 095bd820-debug-2-0-0 debug@2.0.0
165 silly lockFile 095bd820-debug-2-0-0 debug@2.0.0
166 silly lockFile 12b6356d-debug-2-0-0 debug@~2.0.0
167 silly lockFile 12b6356d-debug-2-0-0 debug@~2.0.0
168 http 304 https://registry.npmjs.org/body-parser
169 silly registry.get cb [ 304,
169 silly registry.get   { date: 'Thu, 23 Oct 2014 14:24:06 GMT',
169 silly registry.get     server: 'Apache',
169 silly registry.get     via: '1.1 varnish',
169 silly registry.get     'last-modified': 'Thu, 23 Oct 2014 14:24:06 GMT',
169 silly registry.get     'cache-control': 'max-age=60',
169 silly registry.get     etag: '"6H78ALJN535B9H0WANI691DPE"',
169 silly registry.get     age: '0',
169 silly registry.get     'x-served-by': 'cache-ty67-TYO',
169 silly registry.get     'x-cache': 'HIT',
169 silly registry.get     'x-cache-hits': '1',
169 silly registry.get     'x-timer': 'S1414074246.277922,VS0,VE179',
169 silly registry.get     vary: 'Accept',
169 silly registry.get     'content-length': '0',
169 silly registry.get     'keep-alive': 'timeout=10, max=50',
169 silly registry.get     connection: 'Keep-Alive' } ]
170 verbose etag https://registry.npmjs.org/body-parser from cache
171 silly addNameRange number 2 { name: 'body-parser',
171 silly addNameRange   range: '>=1.8.1-0 <1.9.0-0',
171 silly addNameRange   hasData: true }
172 silly addNameRange versions [ 'body-parser',
172 silly addNameRange   [ '1.0.0',
172 silly addNameRange     '1.0.1',
172 silly addNameRange     '1.0.2',
172 silly addNameRange     '1.1.0',
172 silly addNameRange     '1.1.1',
172 silly addNameRange     '1.1.2',
172 silly addNameRange     '1.2.0',
172 silly addNameRange     '1.2.1',
172 silly addNameRange     '1.2.2',
172 silly addNameRange     '1.3.0',
172 silly addNameRange     '1.3.1',
172 silly addNameRange     '1.4.0',
172 silly addNameRange     '1.4.1',
172 silly addNameRange     '1.4.2',
172 silly addNameRange     '1.4.3',
172 silly addNameRange     '1.5.0',
172 silly addNameRange     '1.5.1',
172 silly addNameRange     '1.5.2',
172 silly addNameRange     '1.6.0',
172 silly addNameRange     '1.6.1',
172 silly addNameRange     '1.6.2',
172 silly addNameRange     '1.6.3',
172 silly addNameRange     '1.6.4',
172 silly addNameRange     '1.6.5',
172 silly addNameRange     '1.6.6',
172 silly addNameRange     '1.6.7',
172 silly addNameRange     '1.7.0',
172 silly addNameRange     '1.8.0',
172 silly addNameRange     '1.8.1',
172 silly addNameRange     '1.8.2',
172 silly addNameRange     '1.8.3',
172 silly addNameRange     '1.8.4',
172 silly addNameRange     '1.9.0',
172 silly addNameRange     '1.9.1' ] ]
173 verbose addNamed [ 'body-parser', '1.8.4' ]
174 verbose addNamed [ '1.8.4', '1.8.4' ]
175 silly lockFile 5cba912c-body-parser-1-8-4 body-parser@1.8.4
176 verbose lock body-parser@1.8.4 /home/zhangcan/.npm/5cba912c-body-parser-1-8-4.lock
177 silly lockFile 5cba912c-body-parser-1-8-4 body-parser@1.8.4
178 silly lockFile 5cba912c-body-parser-1-8-4 body-parser@1.8.4
179 silly lockFile a49948c1-body-parser-1-8-1 body-parser@~1.8.1
180 silly lockFile a49948c1-body-parser-1-8-1 body-parser@~1.8.1
181 http 304 https://registry.npmjs.org/jade
182 silly registry.get cb [ 304,
182 silly registry.get   { date: 'Thu, 23 Oct 2014 14:24:06 GMT',
182 silly registry.get     server: 'Apache',
182 silly registry.get     via: '1.1 varnish',
182 silly registry.get     'last-modified': 'Thu, 23 Oct 2014 14:23:57 GMT',
182 silly registry.get     'cache-control': 'max-age=60',
182 silly registry.get     etag: '"574TTA7U5CJE1ZXHJE2S286DB"',
182 silly registry.get     age: '25',
182 silly registry.get     'x-served-by': 'cache-ty66-TYO',
182 silly registry.get     'x-cache': 'HIT',
182 silly registry.get     'x-cache-hits': '2',
182 silly registry.get     'x-timer': 'S1414074246.541490,VS0,VE0',
182 silly registry.get     vary: 'Accept',
182 silly registry.get     'content-length': '0',
182 silly registry.get     'keep-alive': 'timeout=10, max=48',
182 silly registry.get     connection: 'Keep-Alive' } ]
183 verbose etag https://registry.npmjs.org/jade from cache
184 silly addNameRange number 2 { name: 'jade', range: '>=1.6.0-0 <1.7.0-0', hasData: true }
185 silly addNameRange versions [ 'jade',
185 silly addNameRange   [ '0.0.1',
185 silly addNameRange     '0.0.2',
185 silly addNameRange     '0.1.0',
185 silly addNameRange     '0.2.0',
185 silly addNameRange     '0.2.1',
185 silly addNameRange     '0.2.2',
185 silly addNameRange     '0.2.3',
185 silly addNameRange     '0.2.4',
185 silly addNameRange     '0.3.0',
185 silly addNameRange     '0.4.0',
185 silly addNameRange     '0.4.1',
185 silly addNameRange     '0.5.0',
185 silly addNameRange     '0.5.1',
185 silly addNameRange     '0.5.2',
185 silly addNameRange     '0.5.3',
185 silly addNameRange     '0.5.4',
185 silly addNameRange     '0.5.5',
185 silly addNameRange     '0.5.6',
185 silly addNameRange     '0.5.7',
185 silly addNameRange     '0.6.0',
185 silly addNameRange     '0.6.1',
185 silly addNameRange     '0.6.3',
185 silly addNameRange     '0.7.0',
185 silly addNameRange     '0.7.1',
185 silly addNameRange     '0.8.0',
185 silly addNameRange     '0.8.1',
185 silly addNameRange     '0.8.2',
185 silly addNameRange     '0.8.3',
185 silly addNameRange     '0.8.4',
185 silly addNameRange     '0.8.5',
185 silly addNameRange     '0.8.6',
185 silly addNameRange     '0.8.7',
185 silly addNameRange     '0.8.8',
185 silly addNameRange     '0.8.9',
185 silly addNameRange     '0.9.0',
185 silly addNameRange     '0.9.1',
185 silly addNameRange     '0.9.2',
185 silly addNameRange     '0.9.3',
185 silly addNameRange     '0.10.0',
185 silly addNameRange     '0.10.1',
185 silly addNameRange     '0.10.2',
185 silly addNameRange     '0.10.3',
185 silly addNameRange     '0.10.4',
185 silly addNameRange     '0.10.5',
185 silly addNameRange     '0.10.6',
185 silly addNameRange     '0.10.7',
185 silly addNameRange     '0.11.0',
185 silly addNameRange     '0.11.1',
185 silly addNameRange     '0.12.0',
185 silly addNameRange     '0.12.1',
185 silly addNameRange     '0.12.2',
185 silly addNameRange     '0.12.3',
185 silly addNameRange     '0.12.4',
185 silly addNameRange     '0.13.0',
185 silly addNameRange     '0.14.0',
185 silly addNameRange     '0.14.1',
185 silly addNameRange     '0.14.2',
185 silly addNameRange     '0.15.0',
185 silly addNameRange     '0.15.1',
185 silly addNameRange     '0.15.2',
185 silly addNameRange     '0.15.3',
185 silly addNameRange     '0.15.4',
185 silly addNameRange     '0.16.0',
185 silly addNameRange     '0.16.1',
185 silly addNameRange     '0.16.2',
185 silly addNameRange     '0.16.3',
185 silly addNameRange     '0.16.4',
185 silly addNameRange     '0.17.0',
185 silly addNameRange     '0.18.0',
185 silly addNameRange     '0.19.0',
185 silly addNameRange     '0.20.0',
185 silly addNameRange     '0.20.1',
185 silly addNameRange     '0.20.2',
185 silly addNameRange     '0.20.3',
185 silly addNameRange     '0.21.0',
185 silly addNameRange     '0.22.0',
185 silly addNameRange     '0.22.1',
185 silly addNameRange     '0.23.0',
185 silly addNameRange     '0.24.0',
185 silly addNameRange     '0.25.0',
185 silly addNameRange     '0.26.0',
185 silly addNameRange     '0.26.1',
185 silly addNameRange     '0.26.2',
185 silly addNameRange     '0.26.3',
185 silly addNameRange     '0.27.0',
185 silly addNameRange     '0.27.1',
185 silly addNameRange     '0.27.2',
185 silly addNameRange     '0.27.3',
185 silly addNameRange     '0.27.4',
185 silly addNameRange     '0.27.5',
185 silly addNameRange     '0.27.6',
185 silly addNameRange     '0.27.7',
185 silly addNameRange     '0.28.0',
185 silly addNameRange     '0.28.1',
185 silly addNameRange     '0.28.2',
185 silly addNameRange     '0.29.0',
185 silly addNameRange     '0.30.0',
185 silly addNameRange     '0.31.0',
185 silly addNameRange     '0.31.1',
185 silly addNameRange     '0.31.2',
185 silly addNameRange     '0.32.0',
185 silly addNameRange     '0.33.0',
185 silly addNameRange     '0.34.0',
185 silly addNameRange     '0.34.1',
185 silly addNameRange     '0.35.0',
185 silly addNameRange     '1.0.0',
185 silly addNameRange     '1.0.1',
185 silly addNameRange     '1.0.2',
185 silly addNameRange     '1.1.0',
185 silly addNameRange     '1.1.1',
185 silly addNameRange     '1.1.2',
185 silly addNameRange     '1.1.3',
185 silly addNameRange     '1.1.4',
185 silly addNameRange     '1.1.5',
185 silly addNameRange     '1.2.0',
185 silly addNameRange     '1.3.0',
185 silly addNameRange     '1.3.1',
185 silly addNameRange     '1.4.0',
185 silly addNameRange     '1.4.1',
185 silly addNameRange     '1.4.2',
185 silly addNameRange     '1.5.0',
185 silly addNameRange     '1.6.0',
185 silly addNameRange     '1.7.0' ] ]
186 verbose addNamed [ 'jade', '1.6.0' ]
187 verbose addNamed [ '1.6.0', '1.6.0' ]
188 silly lockFile c06071bd-jade-1-6-0 jade@1.6.0
189 verbose lock jade@1.6.0 /home/zhangcan/.npm/c06071bd-jade-1-6-0.lock
190 silly lockFile c06071bd-jade-1-6-0 jade@1.6.0
191 silly lockFile c06071bd-jade-1-6-0 jade@1.6.0
192 silly lockFile ad8c17a8-jade-1-6-0 jade@~1.6.0
193 silly lockFile ad8c17a8-jade-1-6-0 jade@~1.6.0
194 http 304 https://registry.npmjs.org/express
195 silly registry.get cb [ 304,
195 silly registry.get   { date: 'Thu, 23 Oct 2014 14:24:06 GMT',
195 silly registry.get     server: 'Apache',
195 silly registry.get     via: '1.1 varnish',
195 silly registry.get     'last-modified': 'Thu, 23 Oct 2014 14:23:40 GMT',
195 silly registry.get     'cache-control': 'max-age=60',
195 silly registry.get     etag: '"35JSQ42AVLPKA3UBRSX3ZYDAJ"',
195 silly registry.get     age: '51',
195 silly registry.get     'x-served-by': 'cache-ty67-TYO',
195 silly registry.get     'x-cache': 'HIT',
195 silly registry.get     'x-cache-hits': '2',
195 silly registry.get     'x-timer': 'S1414074246.778991,VS0,VE0',
195 silly registry.get     vary: 'Accept',
195 silly registry.get     'content-length': '0',
195 silly registry.get     'keep-alive': 'timeout=10, max=50',
195 silly registry.get     connection: 'Keep-Alive' } ]
196 verbose etag https://registry.npmjs.org/express from cache
197 http 304 https://registry.npmjs.org/cookie-parser
198 silly registry.get cb [ 304,
198 silly registry.get   { date: 'Thu, 23 Oct 2014 14:24:06 GMT',
198 silly registry.get     server: 'Apache',
198 silly registry.get     via: '1.1 varnish',
198 silly registry.get     'last-modified': 'Thu, 23 Oct 2014 14:24:06 GMT',
198 silly registry.get     'cache-control': 'max-age=60',
198 silly registry.get     etag: '"D2I21Z55J0M83YHA636O1DW9K"',
198 silly registry.get     age: '26',
198 silly registry.get     'x-served-by': 'cache-ty68-TYO',
198 silly registry.get     'x-cache': 'HIT',
198 silly registry.get     'x-cache-hits': '1',
198 silly registry.get     'x-timer': 'S1414074246.787444,VS0,VE0',
198 silly registry.get     vary: 'Accept',
198 silly registry.get     'content-length': '0',
198 silly registry.get     'keep-alive': 'timeout=10, max=50',
198 silly registry.get     connection: 'Keep-Alive' } ]
199 verbose etag https://registry.npmjs.org/cookie-parser from cache
200 silly addNameRange number 2 { name: 'express', range: '>=4.9.0-0 <4.10.0-0', hasData: true }
201 silly addNameRange versions [ 'express',
201 silly addNameRange   [ '0.14.0',
201 silly addNameRange     '0.14.1',
201 silly addNameRange     '1.0.0',
201 silly addNameRange     '1.0.1',
201 silly addNameRange     '1.0.2',
201 silly addNameRange     '1.0.3',
201 silly addNameRange     '1.0.4',
201 silly addNameRange     '1.0.5',
201 silly addNameRange     '1.0.6',
201 silly addNameRange     '1.0.7',
201 silly addNameRange     '1.0.8',
201 silly addNameRange     '2.0.0',
201 silly addNameRange     '2.1.0',
201 silly addNameRange     '2.1.1',
201 silly addNameRange     '2.2.0',
201 silly addNameRange     '2.2.1',
201 silly addNameRange     '2.2.2',
201 silly addNameRange     '2.3.0',
201 silly addNameRange     '2.3.1',
201 silly addNameRange     '2.3.2',
201 silly addNameRange     '2.3.3',
201 silly addNameRange     '2.3.4',
201 silly addNameRange     '2.3.5',
201 silly addNameRange     '2.3.6',
201 silly addNameRange     '2.3.7',
201 silly addNameRange     '2.3.8',
201 silly addNameRange     '2.3.9',
201 silly addNameRange     '2.3.10',
201 silly addNameRange     '2.3.11',
201 silly addNameRange     '2.3.12',
201 silly addNameRange     '2.4.0',
201 silly addNameRange     '2.4.1',
201 silly addNameRange     '2.4.2',
201 silly addNameRange     '2.4.3',
201 silly addNameRange     '2.4.4',
201 silly addNameRange     '2.4.5',
201 silly addNameRange     '2.4.6',
201 silly addNameRange     '2.4.7',
201 silly addNameRange     '2.5.0',
201 silly addNameRange     '2.5.1',
201 silly addNameRange     '2.5.2',
201 silly addNameRange     '2.5.3',
201 silly addNameRange     '2.5.4',
201 silly addNameRange     '2.5.5',
201 silly addNameRange     '2.5.6',
201 silly addNameRange     '2.5.7',
201 silly addNameRange     '2.5.8',
201 silly addNameRange     '2.5.9',
201 silly addNameRange     '2.5.10',
201 silly addNameRange     '2.5.11',
201 silly addNameRange     '3.0.0',
201 silly addNameRange     '3.0.1',
201 silly addNameRange     '3.0.2',
201 silly addNameRange     '3.0.3',
201 silly addNameRange     '3.0.4',
201 silly addNameRange     '3.0.5',
201 silly addNameRange     '3.0.6',
201 silly addNameRange     '3.1.0',
201 silly addNameRange     '3.1.1',
201 silly addNameRange     '3.1.2',
201 silly addNameRange     '3.2.0',
201 silly addNameRange     '3.2.1',
201 silly addNameRange     '3.2.2',
201 silly addNameRange     '3.2.3',
201 silly addNameRange     '3.2.4',
201 silly addNameRange     '3.2.5',
201 silly addNameRange     '3.2.6',
201 silly addNameRange     '3.3.0',
201 silly addNameRange     '3.3.1',
201 silly addNameRange     '3.3.2',
201 silly addNameRange     '3.3.3',
201 silly addNameRange     '3.3.4',
201 silly addNameRange     '3.3.5',
201 silly addNameRange     '3.3.6',
201 silly addNameRange     '1.0.0-beta',
201 silly addNameRange     '1.0.0-beta2',
201 silly addNameRange     '1.0.0-rc',
201 silly addNameRange     '1.0.0-rc2',
201 silly addNameRange     '1.0.0-rc3',
201 silly addNameRange     '1.0.0-rc4',
201 silly addNameRange     '2.0.0-beta',
201 silly addNameRange     '2.0.0-beta2',
201 silly addNameRange     '2.0.0-beta3',
201 silly addNameRange     '2.0.0-rc',
201 silly addNameRange     '2.0.0-rc2',
201 silly addNameRange     '2.0.0-rc3',
201 silly addNameRange     '3.0.0-alpha1',
201 silly addNameRange     '3.0.0-alpha2',
201 silly addNameRange     '3.0.0-alpha3',
201 silly addNameRange     '3.0.0-alpha4',
201 silly addNameRange     '3.0.0-alpha5',
201 silly addNameRange     '3.0.0-beta1',
201 silly addNameRange     '3.0.0-beta2',
201 silly addNameRange     '3.0.0-beta3',
201 silly addNameRange     '3.0.0-beta4',
201 silly addNameRange     '3.0.0-beta6',
201 silly addNameRange     '3.0.0-beta7',
201 silly addNameRange     '3.0.0-rc1',
201 silly addNameRange     '3.0.0-rc2',
201 silly addNameRange     '3.0.0-rc3',
201 silly addNameRange     '3.0.0-rc4',
201 silly addNameRange     '3.0.0-rc5',
201 silly addNameRange     '3.3.7',
201 silly addNameRange     '3.3.8',
201 silly addNameRange     '3.4.0',
201 silly addNameRange     '3.4.1',
201 silly addNameRange     '3.4.2',
201 silly addNameRange     '3.4.3',
201 silly addNameRange     '3.4.4',
201 silly addNameRange     '3.4.5',
201 silly addNameRange     '3.4.6',
201 silly addNameRange     '3.4.7',
201 silly addNameRange     '3.4.8',
201 silly addNameRange     '4.0.0-rc1',
201 silly addNameRange     '4.0.0-rc2',
201 silly addNameRange     '3.5.0',
201 silly addNameRange     '4.0.0-rc3',
201 silly addNameRange     '4.0.0-rc4',
201 silly addNameRange     '3.5.1',
201 silly addNameRange     '4.0.0',
201 silly addNameRange     '3.5.2',
201 silly addNameRange     '4.1.0',
201 silly addNameRange     '4.1.1',
201 silly addNameRange     '3.5.3',
201 silly addNameRange     '4.1.2',
201 silly addNameRange     '3.6.0',
201 silly addNameRange     '4.2.0',
201 silly addNameRange     '3.7.0',
201 silly addNameRange     '3.8.0',
201 silly addNameRange     '4.3.0',
201 silly addNameRange     '4.3.1',
201 silly addNameRange     '3.8.1',
201 silly addNameRange     '4.3.2',
201 silly addNameRange     '3.9.0',
201 silly addNameRange     '4.4.0',
201 silly addNameRange     '4.4.1',
201 silly addNameRange     '3.10.0',
201 silly addNameRange     '3.10.1',
201 silly addNameRange     '3.10.2',
201 silly addNameRange     '3.10.3',
201 silly addNameRange     '3.10.4',
201 silly addNameRange     '4.4.2',
201 silly addNameRange     '3.10.5',
201 silly addNameRange     '4.4.3',
201 silly addNameRange     '3.11.0',
201 silly addNameRange     '4.4.4',
201 silly addNameRange     '3.12.0',
201 silly addNameRange     '3.12.1',
201 silly addNameRange     '4.4.5',
201 silly addNameRange     '3.13.0',
201 silly addNameRange     '4.5.0',
201 silly addNameRange     '4.5.1',
201 silly addNameRange     '3.14.0',
201 silly addNameRange     '4.6.0',
201 silly addNameRange     '4.6.1',
201 silly addNameRange     '3.15.0',
201 silly addNameRange     '4.7.0',
201 silly addNameRange     '3.15.1',
201 silly addNameRange     '4.7.1',
201 silly addNameRange     '3.15.2',
201 silly addNameRange     '4.7.2',
201 silly addNameRange     '4.7.3',
201 silly addNameRange     '3.15.3',
201 silly addNameRange     '4.7.4',
201 silly addNameRange     '3.16.0',
201 silly addNameRange     '4.8.0',
201 silly addNameRange     '3.16.1',
201 silly addNameRange     '4.8.1',
201 silly addNameRange     '3.16.2',
201 silly addNameRange     '4.8.2',
201 silly addNameRange     '3.16.3',
201 silly addNameRange     '3.16.4',
201 silly addNameRange     '4.8.3',
201 silly addNameRange     '3.16.5',
201 silly addNameRange     '3.16.6',
201 silly addNameRange     '4.8.4',
201 silly addNameRange     '3.16.7',
201 silly addNameRange     '4.8.5',
201 silly addNameRange     '3.16.8',
201 silly addNameRange     '4.8.6',
201 silly addNameRange     '3.16.9',
201 silly addNameRange     '4.8.7',
201 silly addNameRange     '3.16.10',
201 silly addNameRange     '4.8.8',
201 silly addNameRange     '3.17.0',
201 silly addNameRange     '3.17.1',
201 silly addNameRange     '4.9.0',
201 silly addNameRange     '3.17.2',
201 silly addNameRange     '4.9.1',
201 silly addNameRange     '4.9.2',
201 silly addNameRange     '3.17.3',
201 silly addNameRange     '4.9.3',
201 silly addNameRange     '3.17.4',
201 silly addNameRange     '4.9.4',
201 silly addNameRange     '3.17.5',
201 silly addNameRange     '4.9.5',
201 silly addNameRange     '3.17.6',
201 silly addNameRange     '3.17.7',
201 silly addNameRange     '4.9.6',
201 silly addNameRange     '4.9.7',
201 silly addNameRange     '3.17.8',
201 silly addNameRange     '4.9.8',
201 silly addNameRange     '3.18.0',
201 silly addNameRange     '3.18.1' ] ]
202 verbose addNamed [ 'express', '4.9.8' ]
203 verbose addNamed [ '4.9.8', '4.9.8' ]
204 silly lockFile 3e3a25f6-express-4-9-8 express@4.9.8
205 verbose lock express@4.9.8 /home/zhangcan/.npm/3e3a25f6-express-4-9-8.lock
206 silly lockFile 2d7fb097-js-org-express-express-4-9-8-tgz https://registry.npmjs.org/express/-/express-4.9.8.tgz
207 verbose lock https://registry.npmjs.org/express/-/express-4.9.8.tgz /home/zhangcan/.npm/2d7fb097-js-org-express-express-4-9-8-tgz.lock
208 silly addNameRange number 2 { name: 'cookie-parser',
208 silly addNameRange   range: '>=1.3.3-0 <1.4.0-0',
208 silly addNameRange   hasData: true }
209 silly addNameRange versions [ 'cookie-parser',
209 silly addNameRange   [ '1.0.0',
209 silly addNameRange     '1.0.1',
209 silly addNameRange     '1.1.0',
209 silly addNameRange     '1.2.0',
209 silly addNameRange     '1.3.0',
209 silly addNameRange     '1.3.1',
209 silly addNameRange     '1.3.2',
209 silly addNameRange     '1.3.3' ] ]
210 verbose addNamed [ 'cookie-parser', '1.3.3' ]
211 verbose addNamed [ '1.3.3', '1.3.3' ]
212 silly lockFile 68450bd4-cookie-parser-1-3-3 cookie-parser@1.3.3
213 verbose lock cookie-parser@1.3.3 /home/zhangcan/.npm/68450bd4-cookie-parser-1-3-3.lock
214 verbose addRemoteTarball [ 'https://registry.npmjs.org/express/-/express-4.9.8.tgz',
214 verbose addRemoteTarball   'f360f596baeabbd0e5223b603d6eb578d9d2d10d' ]
215 silly lockFile 68450bd4-cookie-parser-1-3-3 cookie-parser@1.3.3
216 silly lockFile 68450bd4-cookie-parser-1-3-3 cookie-parser@1.3.3
217 info retry fetch attempt 1 at 22:24:06
218 verbose fetch to= /tmp/npm-3379-ca8448cM/registry.npmjs.org/express/-/express-4.9.8.tgz
219 silly lockFile bf5babd8-cookie-parser-1-3-3 cookie-parser@~1.3.3
220 silly lockFile bf5babd8-cookie-parser-1-3-3 cookie-parser@~1.3.3
221 http GET https://registry.npmjs.org/express/-/express-4.9.8.tgz
222 http 200 https://registry.npmjs.org/express/-/express-4.9.8.tgz
223 http 304 https://registry.npmjs.org/morgan
224 silly registry.get cb [ 304,
224 silly registry.get   { date: 'Thu, 23 Oct 2014 14:24:07 GMT',
224 silly registry.get     server: 'Apache',
224 silly registry.get     via: '1.1 varnish',
224 silly registry.get     'last-modified': 'Thu, 23 Oct 2014 14:24:07 GMT',
224 silly registry.get     'cache-control': 'max-age=60',
224 silly registry.get     etag: '"845YH9YY93XXM0OJZYG6I3IRQ"',
224 silly registry.get     age: '0',
224 silly registry.get     'x-served-by': 'cache-ty67-TYO',
224 silly registry.get     'x-cache': 'HIT',
224 silly registry.get     'x-cache-hits': '1',
224 silly registry.get     'x-timer': 'S1414074247.399670,VS0,VE114',
224 silly registry.get     vary: 'Accept',
224 silly registry.get     'content-length': '0',
224 silly registry.get     'keep-alive': 'timeout=10, max=50',
224 silly registry.get     connection: 'Keep-Alive' } ]
225 verbose etag https://registry.npmjs.org/morgan from cache
226 silly addNameRange number 2 { name: 'morgan', range: '>=1.3.0-0 <1.4.0-0', hasData: true }
227 silly addNameRange versions [ 'morgan',
227 silly addNameRange   [ '1.0.0',
227 silly addNameRange     '1.0.1',
227 silly addNameRange     '1.1.0',
227 silly addNameRange     '1.1.1',
227 silly addNameRange     '1.2.0',
227 silly addNameRange     '1.2.1',
227 silly addNameRange     '1.2.2',
227 silly addNameRange     '1.2.3',
227 silly addNameRange     '1.3.0',
227 silly addNameRange     '1.3.1',
227 silly addNameRange     '1.3.2',
227 silly addNameRange     '1.4.0',
227 silly addNameRange     '1.4.1' ] ]
228 verbose addNamed [ 'morgan', '1.3.2' ]
229 verbose addNamed [ '1.3.2', '1.3.2' ]
230 silly lockFile 7e2b41c6-morgan-1-3-2 morgan@1.3.2
231 verbose lock morgan@1.3.2 /home/zhangcan/.npm/7e2b41c6-morgan-1-3-2.lock
232 silly lockFile 7e2b41c6-morgan-1-3-2 morgan@1.3.2
233 silly lockFile 7e2b41c6-morgan-1-3-2 morgan@1.3.2
234 silly lockFile a4a9bdf4-morgan-1-3-0 morgan@~1.3.0
235 silly lockFile a4a9bdf4-morgan-1-3-0 morgan@~1.3.0
236 silly lockFile 2d7fb097-js-org-express-express-4-9-8-tgz https://registry.npmjs.org/express/-/express-4.9.8.tgz
237 silly lockFile 2d7fb097-js-org-express-express-4-9-8-tgz https://registry.npmjs.org/express/-/express-4.9.8.tgz
238 silly lockFile 3e3a25f6-express-4-9-8 express@4.9.8
239 silly lockFile 3e3a25f6-express-4-9-8 express@4.9.8
240 silly lockFile 6ae7fa08-express-4-9-0 express@~4.9.0
241 silly lockFile 6ae7fa08-express-4-9-0 express@~4.9.0
242 error Error: EACCES, mkdir '/home/zhangcan/.npm/express/4.9.8'
242 error  { [Error: EACCES, mkdir '/home/zhangcan/.npm/express/4.9.8']
242 error   errno: 3,
242 error   code: 'EACCES',
242 error   path: '/home/zhangcan/.npm/express/4.9.8',
242 error   parent: 'Team16Test1' }
243 error Please try running this command again as root/Administrator.
244 error System Linux 3.2.0-23-generic-pae
245 error command "/usr/local/bin/node" "/usr/local/bin/npm" "install"
246 error cwd /home/zhangcan/文档/test2
247 error node -v v0.10.32
248 error npm -v 1.4.28
249 error path /home/zhangcan/.npm/express/4.9.8
250 error code EACCES
251 error errno 3
252 error stack Error: EACCES, mkdir '/home/zhangcan/.npm/express/4.9.8'
253 verbose exit [ 3, true ]
